#
# There is insufficient memory for the Java Runtime Environment to continue.
# Native memory allocation (mmap) failed to map 532676608 bytes for G1 virtual space
# Possible reasons:
#   The system is out of physical RAM or swap space
#   The process is running with CompressedOops enabled, and the Java Heap may be blocking the growth of the native heap
# Possible solutions:
#   Reduce memory load on the system
#   Increase physical memory or swap space
#   Check if swap backing store is full
#   Decrease Java heap size (-Xmx/-Xms)
#   Decrease number of Java threads
#   Decrease Java thread stack sizes (-Xss)
#   Set larger code cache with -XX:ReservedCodeCacheSize=
#   JVM is running with Zero Based Compressed Oops mode in which the Java heap is
#     placed in the first 32GB address space. The Java Heap base address is the
#     maximum limit for the native heap growth. Please use -XX:HeapBaseMinAddress
#     to set the Java Heap base and to place the Java Heap above 32GB virtual address.
# This output file may be truncated or incomplete.
#
#  Out of Memory Error (os_windows.cpp:3829), pid=20588, tid=23212
#
# JRE version:  (17.0.8+7) (build )
# Java VM: OpenJDK 64-Bit Server VM (17.0.8+7-b1000.8, mixed mode, sharing, tiered, compressed oops, compressed class ptrs, g1 gc, windows-amd64)
# No core dump will be written. Minidumps are not enabled by default on client versions of Windows
#

---------------  S U M M A R Y ------------

Command Line: git4idea.http.GitAskPassApp Username for 'https://github.com': 

Host: 11th Gen Intel(R) Core(TM) i7-1165G7 @ 2.80GHz, 8 cores, 31G,  Windows 10 , 64 bit Build 19041 (10.0.19041.3636)
Time: Wed Dec 27 19:05:58 2023 Paris, Madrid elapsed time: 0.029610 seconds (0d 0h 0m 0s)

---------------  T H R E A D  ---------------

Current thread (0x0000020e31842a50):  JavaThread "Unknown thread" [_thread_in_vm, id=23212, stack(0x0000009165a00000,0x0000009165b00000)]

Stack: [0x0000009165a00000,0x0000009165b00000]
Native frames: (J=compiled Java code, j=interpreted, Vv=VM code, C=native code)
V  [jvm.dll+0x6852da]
V  [jvm.dll+0x844c84]
V  [jvm.dll+0x84659e]
V  [jvm.dll+0x846c03]
V  [jvm.dll+0x24b7cf]
V  [jvm.dll+0x682049]
V  [jvm.dll+0x67671a]
V  [jvm.dll+0x30be2b]
V  [jvm.dll+0x3132d6]
V  [jvm.dll+0x36302e]
V  [jvm.dll+0x36325f]
V  [jvm.dll+0x2e1f48]
V  [jvm.dll+0x2e2eb4]
V  [jvm.dll+0x815c11]
V  [jvm.dll+0x370df1]
V  [jvm.dll+0x7f4fdc]
V  [jvm.dll+0x3f3f1f]
V  [jvm.dll+0x3f5b31]
C  [jli.dll+0x528f]
C  [ucrtbase.dll+0x21bb2]
C  [KERNEL32.DLL+0x17344]
C  [ntdll.dll+0x526b1]


---------------  P R O C E S S  ---------------

Threads class SMR info:
_java_thread_list=0x00007ffacdd40098, length=0, elements={
}

Java Threads: ( => current thread )

Other Threads:
  0x0000020e318ed520 GCTaskThread "GC Thread#0" [stack: 0x0000009165b00000,0x0000009165c00000] [id=10300]
  0x0000020e318eeb60 ConcurrentGCThread "G1 Main Marker" [stack: 0x0000009165c00000,0x0000009165d00000] [id=6568]
  0x0000020e58fe0390 ConcurrentGCThread "G1 Conc#0" [stack: 0x0000009165d00000,0x0000009165e00000] [id=18572]

[error occurred during error reporting (printing all threads), id 0xc0000005, EXCEPTION_ACCESS_VIOLATION (0xc0000005) at pc=0x00007ffacd4f2ab7]

VM state: not at safepoint (not fully initialized)

VM Mutex/Monitor currently owned by a thread:  ([mutex/lock_event])
[0x0000020e3183cb60] Heap_lock - owner thread: 0x0000020e31842a50

Heap address: 0x0000000604c00000, size: 8116 MB, Compressed Oops mode: Zero based, Oop shift amount: 3

CDS archive(s) mapped at: [0x0000000000000000-0x0000000000000000-0x0000000000000000), size 0, SharedBaseAddress: 0x0000000800000000, ArchiveRelocationMode: 1.
Narrow klass base: 0x0000000000000000, Narrow klass shift: 0, Narrow klass range: 0x0

GC Precious Log:
<Empty>

Heap:
 garbage-first heap   total 0K, used 0K [0x0000000604c00000, 0x0000000800000000)
  region size 4096K, 0 young (0K), 0 survivors (0K)
 Metaspace       used 0K, committed 0K, reserved 0K
  class space    used 0K, committed 0K, reserved 0K

Heap Regions: E=young(eden), S=young(survivor), O=old, HS=humongous(starts), HC=humongous(continues), CS=collection set, F=free, OA=open archive, CA=closed archive, TAMS=top-at-mark-start (previous, next)

Card table byte_map: [0x0000020e47270000,0x0000020e48250000] _byte_map_base: 0x0000020e4424a000

Marking Bits (Prev, Next): (CMBitMap*) 0x0000020e318eda50, (CMBitMap*) 0x0000020e318eda90
 Prev Bits: [0x0000020e49230000, 0x0000020e51100000)
 Next Bits: [0x0000020e51100000, 0x0000020e58fd0000)

GC Heap History (0 events):
No events

Dll operation events (1 events):
Event: 0.018 Loaded shared library C:\Program Files\JetBrains\PhpStorm 2023.2.1\jbr\bin\java.dll

Deoptimization events (0 events):
No events

Classes unloaded (0 events):
No events

Classes redefined (0 events):
No events

Internal exceptions (0 events):
No events

VM Operations (0 events):
No events

Events (0 events):
No events


Dynamic libraries:
0x00007ff73f170000 - 0x00007ff73f17a000 	C:\Program Files\JetBrains\PhpStorm 2023.2.1\jbr\bin\java.exe
0x00007ffb29af0000 - 0x00007ffb29ce8000 	C:\Windows\SYSTEM32\ntdll.dll
0x00007ffb296d0000 - 0x00007ffb2978d000 	C:\Windows\System32\KERNEL32.DLL
0x00007ffb276c0000 - 0x00007ffb279b6000 	C:\Windows\System32\KERNELBASE.dll
0x00007ffb295b0000 - 0x00007ffb2965f000 	C:\Windows\System32\ADVAPI32.DLL
0x00007ffb27b50000 - 0x00007ffb27bee000 	C:\Windows\System32\msvcrt.dll
0x00007ffb28030000 - 0x00007ffb280cc000 	C:\Windows\System32\sechost.dll
0x00007ffb28d90000 - 0x00007ffb28eb6000 	C:\Windows\System32\RPCRT4.dll
0x00007ffaea4c0000 - 0x00007ffaea503000 	C:\ProgramData\FastTrack Software\Admin By Request\ShellHelper64.dll
0x00007ffb29400000 - 0x00007ffb29455000 	C:\Windows\System32\SHLWAPI.dll
0x00007ffb29820000 - 0x00007ffb299be000 	C:\Windows\System32\USER32.dll
0x00007ffb272f0000 - 0x00007ffb27312000 	C:\Windows\System32\win32u.dll
0x00007ffb1bc50000 - 0x00007ffb1bc5a000 	C:\Windows\SYSTEM32\VERSION.dll
0x00007ffb27eb0000 - 0x00007ffb27edc000 	C:\Windows\System32\GDI32.dll
0x00007ffb27370000 - 0x00007ffb2748a000 	C:\Windows\System32\gdi32full.dll
0x00007ffb275f0000 - 0x00007ffb2768d000 	C:\Windows\System32\msvcp_win.dll
0x00007ffb279c0000 - 0x00007ffb27ac0000 	C:\Windows\System32\ucrtbase.dll
0x00007ffb28640000 - 0x00007ffb28d84000 	C:\Windows\System32\SHELL32.dll
0x00007ffb13a10000 - 0x00007ffb13a2b000 	C:\Program Files\JetBrains\PhpStorm 2023.2.1\jbr\bin\VCRUNTIME140.dll
0x00007ffaeebf0000 - 0x00007ffaeec07000 	C:\Program Files\JetBrains\PhpStorm 2023.2.1\jbr\bin\jli.dll
0x00007ffb0cc10000 - 0x00007ffb0ceaa000 	C:\Windows\WinSxS\amd64_microsoft.windows.common-controls_6595b64144ccf1df_6.0.19041.3636_none_60b6a03d71f818d5\COMCTL32.dll
0x00007ffb28180000 - 0x00007ffb281b0000 	C:\Windows\System32\IMM32.DLL
0x00007ffb14ff0000 - 0x00007ffb14ffc000 	C:\Program Files\JetBrains\PhpStorm 2023.2.1\jbr\bin\vcruntime140_1.dll
0x00007ffac59c0000 - 0x00007ffac5a4d000 	C:\Program Files\JetBrains\PhpStorm 2023.2.1\jbr\bin\msvcp140.dll
0x00007ffacd200000 - 0x00007ffacde83000 	C:\Program Files\JetBrains\PhpStorm 2023.2.1\jbr\bin\server\jvm.dll
0x00007ffb15800000 - 0x00007ffb15827000 	C:\Windows\SYSTEM32\WINMM.dll
0x00007ffb266f0000 - 0x00007ffb2673b000 	C:\Windows\SYSTEM32\POWRPROF.dll
0x00007ffb112b0000 - 0x00007ffb112b9000 	C:\Windows\SYSTEM32\WSOCK32.dll
0x00007ffb29660000 - 0x00007ffb296cb000 	C:\Windows\System32\WS2_32.dll
0x00007ffb265b0000 - 0x00007ffb265c2000 	C:\Windows\SYSTEM32\UMPDC.dll
0x00007ffb25a40000 - 0x00007ffb25a52000 	C:\Windows\SYSTEM32\kernel.appcore.dll
0x00007ffb12190000 - 0x00007ffb1219a000 	C:\Program Files\JetBrains\PhpStorm 2023.2.1\jbr\bin\jimage.dll
0x00007ffb25430000 - 0x00007ffb25614000 	C:\Windows\SYSTEM32\DBGHELP.DLL
0x00007ffb21100000 - 0x00007ffb21134000 	C:\Windows\SYSTEM32\dbgcore.DLL
0x00007ffb27ac0000 - 0x00007ffb27b42000 	C:\Windows\System32\bcryptPrimitives.dll
0x00007ffb09120000 - 0x00007ffb09145000 	C:\Program Files\JetBrains\PhpStorm 2023.2.1\jbr\bin\java.dll

dbghelp: loaded successfully - version: 4.0.5 - missing functions: none
symbol engine: initialized successfully - sym options: 0x614 - pdb path: .;C:\Program Files\JetBrains\PhpStorm 2023.2.1\jbr\bin;C:\Windows\SYSTEM32;C:\ProgramData\FastTrack Software\Admin By Request;C:\Windows\WinSxS\amd64_microsoft.windows.common-controls_6595b64144ccf1df_6.0.19041.3636_none_60b6a03d71f818d5;C:\Program Files\JetBrains\PhpStorm 2023.2.1\jbr\bin\server

VM Arguments:
java_command: git4idea.http.GitAskPassApp Username for 'https://github.com': 
java_class_path (initial): C:/Program Files/JetBrains/PhpStorm 2023.2.1/plugins/vcs-git/lib/git4idea-rt.jar;C:/Program Files/JetBrains/PhpStorm 2023.2.1/lib/externalProcess-rt.jar
Launcher Type: SUN_STANDARD

[Global flags]
     intx CICompilerCount                          = 4                                         {product} {ergonomic}
     uint ConcGCThreads                            = 2                                         {product} {ergonomic}
     uint G1ConcRefinementThreads                  = 8                                         {product} {ergonomic}
   size_t G1HeapRegionSize                         = 4194304                                   {product} {ergonomic}
    uintx GCDrainStackTargetSize                   = 64                                        {product} {ergonomic}
   size_t InitialHeapSize                          = 532676608                                 {product} {ergonomic}
   size_t MarkStackSize                            = 4194304                                   {product} {ergonomic}
   size_t MaxHeapSize                              = 8510242816                                {product} {ergonomic}
   size_t MinHeapDeltaBytes                        = 4194304                                   {product} {ergonomic}
   size_t MinHeapSize                              = 8388608                                   {product} {ergonomic}
    uintx NonNMethodCodeHeapSize                   = 5839372                                {pd product} {ergonomic}
    uintx NonProfiledCodeHeapSize                  = 122909434                              {pd product} {ergonomic}
    uintx ProfiledCodeHeapSize                     = 122909434                              {pd product} {ergonomic}
    uintx ReservedCodeCacheSize                    = 251658240                              {pd product} {ergonomic}
     bool SegmentedCodeCache                       = true                                      {product} {ergonomic}
   size_t SoftMaxHeapSize                          = 8510242816                             {manageable} {ergonomic}
     bool UseCompressedClassPointers               = true                           {product lp64_product} {ergonomic}
     bool UseCompressedOops                        = true                           {product lp64_product} {ergonomic}
     bool UseG1GC                                  = true                                      {product} {ergonomic}
     bool UseLargePagesIndividualAllocation        = false                                  {pd product} {ergonomic}

Logging:
Log output configuration:
 #0: stdout all=warning uptime,level,tags
 #1: stderr all=off uptime,level,tags

Environment Variables:
PATH=C:/Users/w136761/AppData/Local/Programs/Git/mingw64/libexec/git-core;C:/Users/w136761/AppData/Local/Programs/Git/mingw64/libexec/git-core;C:\Users\w136761\AppData\Local\Programs\Git\mingw64\bin;C:\Users\w136761\AppData\Local\Programs\Git\usr\bin;C:\Users\w136761\bin;C:\Windows\system32;C:\Windows;C:\Windows\System32\Wbem;C:\Windows\System32\WindowsPowerShell\v1.0\;C:\Windows\System32\OpenSSH\;C:\Program Files\dotnet\;C:\Program Files\PuTTY\;C:\Program Files\nodejs\;C:\Program Files\Docker\Docker\resources\bin;C:\Program Files\RedHat\java-1.8.0-openjdk-1.8.0.392-1\missioncontrol\;C:\Program Files\RedHat\java-1.8.0-openjdk-1.8.0.392-1\webstart\;C:\Program Files\RedHat\java-1.8.0-openjdk-1.8.0.392-1\bin;C:\Program Files\RedHat\java-1.8.0-openjdk-1.8.0.392-1\jre\bin;C:\Users\w136761\AppData\Local\Microsoft\WindowsApps;C:\Users\w136761\AppData\Local\Programs\Git\cmd;C:\Users\w136761\AppData\Local\JetBrains\Toolbox\scripts;C:\Users\w136761\AppData\Roaming\npm;C:\Users\w136761\AppData\Local\Programs\Microsoft VS Code\bin;C:\wamp64\bin\php\php8.2.0;C:\Users\w136761\AppData\Local\ComposerSetup\bin;C:\Users\w136761\AppData\Roaming\Composer\vendor\bin
USERNAME=w136761
DISPLAY=:0.0
LC_ALL=en_US.UTF-8
TERM=xterm-256color
TMPDIR=C:\Users\w136761\AppData\Local\Temp
OS=Windows_NT
PROCESSOR_IDENTIFIER=Intel64 Family 6 Model 140 Stepping 1, GenuineIntel
TMP=C:\Users\w136761\AppData\Local\Temp
TEMP=C:\Users\w136761\AppData\Local\Temp


JNI global refs:
JNI global refs: 0, weak refs: 0

JNI global refs memory usage: 0, weak refs: 0

OOME stack traces (most recent first):
Classloader memory used:


---------------  S Y S T E M  ---------------

OS:
 Windows 10 , 64 bit Build 19041 (10.0.19041.3636)
OS uptime: 0 days 19:27 hours
Hyper-V role detected

CPU: total 8 (initial active 8) (4 cores per cpu, 2 threads per core) family 6 model 140 stepping 1 microcode 0x9a, cx8, cmov, fxsr, ht, mmx, 3dnowpref, sse, sse2, sse3, ssse3, sse4.1, sse4.2, popcnt, lzcnt, tsc, tscinvbit, avx, avx2, aes, erms, clmul, bmi1, bmi2, adx, avx512f, avx512dq, avx512cd, avx512bw, avx512vl, sha, fma, vzeroupper, avx512_vpopcntdq, avx512_vpclmulqdq, avx512_vaes, avx512_vnni, clflush, clflushopt, clwb, avx512_vbmi2, avx512_vbmi, hv
Processor Information for processor 0
  Max Mhz: 2803, Current Mhz: 1001, Mhz Limit: 2803
Processor Information for processor 1
  Max Mhz: 2803, Current Mhz: 2803, Mhz Limit: 2803
Processor Information for processor 2
  Max Mhz: 2803, Current Mhz: 2803, Mhz Limit: 2803
Processor Information for processor 3
  Max Mhz: 2803, Current Mhz: 2803, Mhz Limit: 2803
Processor Information for processor 4
  Max Mhz: 2803, Current Mhz: 2803, Mhz Limit: 2803
Processor Information for processor 5
  Max Mhz: 2803, Current Mhz: 1001, Mhz Limit: 2803
Processor Information for processor 6
  Max Mhz: 2803, Current Mhz: 2803, Mhz Limit: 2803
Processor Information for processor 7
  Max Mhz: 2803, Current Mhz: 1001, Mhz Limit: 2803

Memory: 4k page, system-wide physical 32448M (3005M free)
TotalPageFile size 62892M (AvailPageFile size 101M)
current process WorkingSet (physical memory assigned to process): 12M, peak: 12M
current process commit charge ("private bytes"): 61M, peak: 568M

vm_info: OpenJDK 64-Bit Server VM (17.0.8+7-b1000.8) for windows-amd64 JRE (17.0.8+7-b1000.8), built on 2023-08-04 by "builduser" with MS VC++ 16.10 / 16.11 (VS2019)

END.
